22:50:36.005 [Test worker] DEBUG com.intuit.karate.Suite - [config] classpath:karate-config.js
22:50:38.506 [Test worker] DEBUG com.intuit.karate - request:
1 > GET https://swapi.dev/api/people
1 > Host: swapi.dev
1 > Connection: Keep-Alive
1 > User-Agent: Apache-HttpClient/4.5.13 (Java/17.0.9)
1 > Accept-Encoding: gzip,deflate


22:50:41.495 [Test worker] DEBUG com.intuit.karate - response time in milliseconds: 2971
1 < 200
1 < Server: nginx/1.16.1
1 < Date: Thu, 13 Jun 2024 03:50:41 GMT
1 < Content-Type: application/json
1 < Transfer-Encoding: chunked
1 < Connection: keep-alive
1 < Vary: Accept, Cookie
1 < X-Frame-Options: SAMEORIGIN
1 < ETag: "b493126da505af6fec015ec116fec193"
1 < Allow: GET, HEAD, OPTIONS
1 < Strict-Transport-Security: max-age=15768000
{"count":82,"next":"https://swapi.dev/api/people/?page=2","previous":null,"results":[{"name":"Luke Skywalker","height":"172","mass":"77","hair_color":"blond","skin_color":"fair","eye_color":"blue","birth_year":"19BBY","gender":"male","homeworld":"https://swapi.dev/api/planets/1/","films":["https://swapi.dev/api/films/1/","https://swapi.dev/api/films/2/","https://swapi.dev/api/films/3/","https://swapi.dev/api/films/6/"],"species":[],"vehicles":["https://swapi.dev/api/vehicles/14/","https://swapi.dev/api/vehicles/30/"],"starships":["https://swapi.dev/api/starships/12/","https://swapi.dev/api/starships/22/"],"created":"2014-12-09T13:50:51.644000Z","edited":"2014-12-20T21:17:56.891000Z","url":"https://swapi.dev/api/people/1/"},{"name":"C-3PO","height":"167","mass":"75","hair_color":"n/a","skin_color":"gold","eye_color":"yellow","birth_year":"112BBY","gender":"n/a","homeworld":"https://swapi.dev/api/planets/1/","films":["https://swapi.dev/api/films/1/","https://swapi.dev/api/films/2/","https://swapi.dev/api/films/3/","https://swapi.dev/api/films/4/","https://swapi.dev/api/films/5/","https://swapi.dev/api/films/6/"],"species":["https://swapi.dev/api/species/2/"],"vehicles":[],"starships":[],"created":"2014-12-10T15:10:51.357000Z","edited":"2014-12-20T21:17:50.309000Z","url":"https://swapi.dev/api/people/2/"},{"name":"R2-D2","height":"96","mass":"32","hair_color":"n/a","skin_color":"white, blue","eye_color":"red","birth_year":"33BBY","gender":"n/a","homeworld":"https://swapi.dev/api/planets/8/","films":["https://swapi.dev/api/films/1/","https://swapi.dev/api/films/2/","https://swapi.dev/api/films/3/","https://swapi.dev/api/films/4/","https://swapi.dev/api/films/5/","https://swapi.dev/api/films/6/"],"species":["https://swapi.dev/api/species/2/"],"vehicles":[],"starships":[],"created":"2014-12-10T15:11:50.376000Z","edited":"2014-12-20T21:17:50.311000Z","url":"https://swapi.dev/api/people/3/"},{"name":"Darth Vader","height":"202","mass":"136","hair_color":"none","skin_color":"white","eye_color":"yellow","birth_year":"41.9BBY","gender":"male","homeworld":"https://swapi.dev/api/planets/1/","films":["https://swapi.dev/api/films/1/","https://swapi.dev/api/films/2/","https://swapi.dev/api/films/3/","https://swapi.dev/api/films/6/"],"species":[],"vehicles":[],"starships":["https://swapi.dev/api/starships/13/"],"created":"2014-12-10T15:18:20.704000Z","edited":"2014-12-20T21:17:50.313000Z","url":"https://swapi.dev/api/people/4/"},{"name":"Leia Organa","height":"150","mass":"49","hair_color":"brown","skin_color":"light","eye_color":"brown","birth_year":"19BBY","gender":"female","homeworld":"https://swapi.dev/api/planets/2/","films":["https://swapi.dev/api/films/1/","https://swapi.dev/api/films/2/","https://swapi.dev/api/films/3/","https://swapi.dev/api/films/6/"],"species":[],"vehicles":["https://swapi.dev/api/vehicles/30/"],"starships":[],"created":"2014-12-10T15:20:09.791000Z","edited":"2014-12-20T21:17:50.315000Z","url":"https://swapi.dev/api/people/5/"},{"name":"Owen Lars","height":"178","mass":"120","hair_color":"brown, grey","skin_color":"light","eye_color":"blue","birth_year":"52BBY","gender":"male","homeworld":"https://swapi.dev/api/planets/1/","films":["https://swapi.dev/api/films/1/","https://swapi.dev/api/films/5/","https://swapi.dev/api/films/6/"],"species":[],"vehicles":[],"starships":[],"created":"2014-12-10T15:52:14.024000Z","edited":"2014-12-20T21:17:50.317000Z","url":"https://swapi.dev/api/people/6/"},{"name":"Beru Whitesun lars","height":"165","mass":"75","hair_color":"brown","skin_color":"light","eye_color":"blue","birth_year":"47BBY","gender":"female","homeworld":"https://swapi.dev/api/planets/1/","films":["https://swapi.dev/api/films/1/","https://swapi.dev/api/films/5/","https://swapi.dev/api/films/6/"],"species":[],"vehicles":[],"starships":[],"created":"2014-12-10T15:53:41.121000Z","edited":"2014-12-20T21:17:50.319000Z","url":"https://swapi.dev/api/people/7/"},{"name":"R5-D4","height":"97","mass":"32","hair_color":"n/a","skin_color":"white, red","eye_color":"red","birth_year":"unknown","gender":"n/a","homeworld":"https://swapi.dev/api/planets/1/","films":["https://swapi.dev/api/films/1/"],"species":["https://swapi.dev/api/species/2/"],"vehicles":[],"starships":[],"created":"2014-12-10T15:57:50.959000Z","edited":"2014-12-20T21:17:50.321000Z","url":"https://swapi.dev/api/people/8/"},{"name":"Biggs Darklighter","height":"183","mass":"84","hair_color":"black","skin_color":"light","eye_color":"brown","birth_year":"24BBY","gender":"male","homeworld":"https://swapi.dev/api/planets/1/","films":["https://swapi.dev/api/films/1/"],"species":[],"vehicles":[],"starships":["https://swapi.dev/api/starships/12/"],"created":"2014-12-10T15:59:50.509000Z","edited":"2014-12-20T21:17:50.323000Z","url":"https://swapi.dev/api/people/9/"},{"name":"Obi-Wan Kenobi","height":"182","mass":"77","hair_color":"auburn, white","skin_color":"fair","eye_color":"blue-gray","birth_year":"57BBY","gender":"male","homeworld":"https://swapi.dev/api/planets/20/","films":["https://swapi.dev/api/films/1/","https://swapi.dev/api/films/2/","https://swapi.dev/api/films/3/","https://swapi.dev/api/films/4/","https://swapi.dev/api/films/5/","https://swapi.dev/api/films/6/"],"species":[],"vehicles":["https://swapi.dev/api/vehicles/38/"],"starships":["https://swapi.dev/api/starships/48/","https://swapi.dev/api/starships/59/","https://swapi.dev/api/starships/64/","https://swapi.dev/api/starships/65/","https://swapi.dev/api/starships/74/"],"created":"2014-12-10T16:16:29.192000Z","edited":"2014-12-20T21:17:50.325000Z","url":"https://swapi.dev/api/people/10/"}]}

22:50:41.577 [Test worker] DEBUG com.intuit.karate - request:
1 > GET https://swapi.dev/api/planets
1 > Host: swapi.dev
1 > Connection: Keep-Alive
1 > User-Agent: Apache-HttpClient/4.5.13 (Java/17.0.9)
1 > Accept-Encoding: gzip,deflate


22:50:43.655 [Test worker] DEBUG com.intuit.karate - response time in milliseconds: 2078
1 < 200
1 < Server: nginx/1.16.1
1 < Date: Thu, 13 Jun 2024 03:50:43 GMT
1 < Content-Type: application/json
1 < Transfer-Encoding: chunked
1 < Connection: keep-alive
1 < Vary: Accept, Cookie
1 < X-Frame-Options: SAMEORIGIN
1 < ETag: "bc01c94507d5dcf4829b239cde8748fb"
1 < Allow: GET, HEAD, OPTIONS
1 < Strict-Transport-Security: max-age=15768000
{"count":60,"next":"https://swapi.dev/api/planets/?page=2","previous":null,"results":[{"name":"Tatooine","rotation_period":"23","orbital_period":"304","diameter":"10465","climate":"arid","gravity":"1 standard","terrain":"desert","surface_water":"1","population":"200000","residents":["https://swapi.dev/api/people/1/","https://swapi.dev/api/people/2/","https://swapi.dev/api/people/4/","https://swapi.dev/api/people/6/","https://swapi.dev/api/people/7/","https://swapi.dev/api/people/8/","https://swapi.dev/api/people/9/","https://swapi.dev/api/people/11/","https://swapi.dev/api/people/43/","https://swapi.dev/api/people/62/"],"films":["https://swapi.dev/api/films/1/","https://swapi.dev/api/films/3/","https://swapi.dev/api/films/4/","https://swapi.dev/api/films/5/","https://swapi.dev/api/films/6/"],"created":"2014-12-09T13:50:49.641000Z","edited":"2014-12-20T20:58:18.411000Z","url":"https://swapi.dev/api/planets/1/"},{"name":"Alderaan","rotation_period":"24","orbital_period":"364","diameter":"12500","climate":"temperate","gravity":"1 standard","terrain":"grasslands, mountains","surface_water":"40","population":"2000000000","residents":["https://swapi.dev/api/people/5/","https://swapi.dev/api/people/68/","https://swapi.dev/api/people/81/"],"films":["https://swapi.dev/api/films/1/","https://swapi.dev/api/films/6/"],"created":"2014-12-10T11:35:48.479000Z","edited":"2014-12-20T20:58:18.420000Z","url":"https://swapi.dev/api/planets/2/"},{"name":"Yavin IV","rotation_period":"24","orbital_period":"4818","diameter":"10200","climate":"temperate, tropical","gravity":"1 standard","terrain":"jungle, rainforests","surface_water":"8","population":"1000","residents":[],"films":["https://swapi.dev/api/films/1/"],"created":"2014-12-10T11:37:19.144000Z","edited":"2014-12-20T20:58:18.421000Z","url":"https://swapi.dev/api/planets/3/"},{"name":"Hoth","rotation_period":"23","orbital_period":"549","diameter":"7200","climate":"frozen","gravity":"1.1 standard","terrain":"tundra, ice caves, mountain ranges","surface_water":"100","population":"unknown","residents":[],"films":["https://swapi.dev/api/films/2/"],"created":"2014-12-10T11:39:13.934000Z","edited":"2014-12-20T20:58:18.423000Z","url":"https://swapi.dev/api/planets/4/"},{"name":"Dagobah","rotation_period":"23","orbital_period":"341","diameter":"8900","climate":"murky","gravity":"N/A","terrain":"swamp, jungles","surface_water":"8","population":"unknown","residents":[],"films":["https://swapi.dev/api/films/2/","https://swapi.dev/api/films/3/","https://swapi.dev/api/films/6/"],"created":"2014-12-10T11:42:22.590000Z","edited":"2014-12-20T20:58:18.425000Z","url":"https://swapi.dev/api/planets/5/"},{"name":"Bespin","rotation_period":"12","orbital_period":"5110","diameter":"118000","climate":"temperate","gravity":"1.5 (surface), 1 standard (Cloud City)","terrain":"gas giant","surface_water":"0","population":"6000000","residents":["https://swapi.dev/api/people/26/"],"films":["https://swapi.dev/api/films/2/"],"created":"2014-12-10T11:43:55.240000Z","edited":"2014-12-20T20:58:18.427000Z","url":"https://swapi.dev/api/planets/6/"},{"name":"Endor","rotation_period":"18","orbital_period":"402","diameter":"4900","climate":"temperate","gravity":"0.85 standard","terrain":"forests, mountains, lakes","surface_water":"8","population":"30000000","residents":["https://swapi.dev/api/people/30/"],"films":["https://swapi.dev/api/films/3/"],"created":"2014-12-10T11:50:29.349000Z","edited":"2014-12-20T20:58:18.429000Z","url":"https://swapi.dev/api/planets/7/"},{"name":"Naboo","rotation_period":"26","orbital_period":"312","diameter":"12120","climate":"temperate","gravity":"1 standard","terrain":"grassy hills, swamps, forests, mountains","surface_water":"12","population":"4500000000","residents":["https://swapi.dev/api/people/3/","https://swapi.dev/api/people/21/","https://swapi.dev/api/people/35/","https://swapi.dev/api/people/36/","https://swapi.dev/api/people/37/","https://swapi.dev/api/people/38/","https://swapi.dev/api/people/39/","https://swapi.dev/api/people/42/","https://swapi.dev/api/people/60/","https://swapi.dev/api/people/61/","https://swapi.dev/api/people/66/"],"films":["https://swapi.dev/api/films/3/","https://swapi.dev/api/films/4/","https://swapi.dev/api/films/5/","https://swapi.dev/api/films/6/"],"created":"2014-12-10T11:52:31.066000Z","edited":"2014-12-20T20:58:18.430000Z","url":"https://swapi.dev/api/planets/8/"},{"name":"Coruscant","rotation_period":"24","orbital_period":"368","diameter":"12240","climate":"temperate","gravity":"1 standard","terrain":"cityscape, mountains","surface_water":"unknown","population":"1000000000000","residents":["https://swapi.dev/api/people/34/","https://swapi.dev/api/people/55/","https://swapi.dev/api/people/74/"],"films":["https://swapi.dev/api/films/3/","https://swapi.dev/api/films/4/","https://swapi.dev/api/films/5/","https://swapi.dev/api/films/6/"],"created":"2014-12-10T11:54:13.921000Z","edited":"2014-12-20T20:58:18.432000Z","url":"https://swapi.dev/api/planets/9/"},{"name":"Kamino","rotation_period":"27","orbital_period":"463","diameter":"19720","climate":"temperate","gravity":"1 standard","terrain":"ocean","surface_water":"100","population":"1000000000","residents":["https://swapi.dev/api/people/22/","https://swapi.dev/api/people/72/","https://swapi.dev/api/people/73/"],"films":["https://swapi.dev/api/films/5/"],"created":"2014-12-10T12:45:06.577000Z","edited":"2014-12-20T20:58:18.434000Z","url":"https://swapi.dev/api/planets/10/"}]}

22:50:43.691 [Test worker] DEBUG com.intuit.karate - request:
1 > GET https://swapi.dev/api/people/4
1 > Host: swapi.dev
1 > Connection: Keep-Alive
1 > User-Agent: Apache-HttpClient/4.5.13 (Java/17.0.9)
1 > Accept-Encoding: gzip,deflate


22:50:44.625 [Test worker] DEBUG com.intuit.karate - response time in milliseconds: 934
1 < 200
1 < Server: nginx/1.16.1
1 < Date: Thu, 13 Jun 2024 03:50:44 GMT
1 < Content-Type: application/json
1 < Transfer-Encoding: chunked
1 < Connection: keep-alive
1 < Vary: Accept, Cookie
1 < X-Frame-Options: SAMEORIGIN
1 < ETag: "3bd6683da4bf9ac731386ed3fa8ce8fc"
1 < Allow: GET, HEAD, OPTIONS
1 < Strict-Transport-Security: max-age=15768000
{"name":"Darth Vader","height":"202","mass":"136","hair_color":"none","skin_color":"white","eye_color":"yellow","birth_year":"41.9BBY","gender":"male","homeworld":"https://swapi.dev/api/planets/1/","films":["https://swapi.dev/api/films/1/","https://swapi.dev/api/films/2/","https://swapi.dev/api/films/3/","https://swapi.dev/api/films/6/"],"species":[],"vehicles":[],"starships":["https://swapi.dev/api/starships/13/"],"created":"2014-12-10T15:18:20.704000Z","edited":"2014-12-20T21:17:50.313000Z","url":"https://swapi.dev/api/people/4/"}

22:50:44.657 [Test worker] DEBUG com.intuit.karate - request:
1 > GET https://swapi.dev/api/species
1 > Host: swapi.dev
1 > Connection: Keep-Alive
1 > User-Agent: Apache-HttpClient/4.5.13 (Java/17.0.9)
1 > Accept-Encoding: gzip,deflate


22:50:45.615 [Test worker] DEBUG com.intuit.karate - response time in milliseconds: 958
1 < 200
1 < Server: nginx/1.16.1
1 < Date: Thu, 13 Jun 2024 03:50:45 GMT
1 < Content-Type: application/json
1 < Transfer-Encoding: chunked
1 < Connection: keep-alive
1 < Vary: Accept, Cookie
1 < X-Frame-Options: SAMEORIGIN
1 < ETag: "0c718baefceacab640ee96782f156b25"
1 < Allow: GET, HEAD, OPTIONS
1 < Strict-Transport-Security: max-age=15768000
{"count":37,"next":"https://swapi.dev/api/species/?page=2","previous":null,"results":[{"name":"Human","classification":"mammal","designation":"sentient","average_height":"180","skin_colors":"caucasian, black, asian, hispanic","hair_colors":"blonde, brown, black, red","eye_colors":"brown, blue, green, hazel, grey, amber","average_lifespan":"120","homeworld":"https://swapi.dev/api/planets/9/","language":"Galactic Basic","people":["https://swapi.dev/api/people/66/","https://swapi.dev/api/people/67/","https://swapi.dev/api/people/68/","https://swapi.dev/api/people/74/"],"films":["https://swapi.dev/api/films/1/","https://swapi.dev/api/films/2/","https://swapi.dev/api/films/3/","https://swapi.dev/api/films/4/","https://swapi.dev/api/films/5/","https://swapi.dev/api/films/6/"],"created":"2014-12-10T13:52:11.567000Z","edited":"2014-12-20T21:36:42.136000Z","url":"https://swapi.dev/api/species/1/"},{"name":"Droid","classification":"artificial","designation":"sentient","average_height":"n/a","skin_colors":"n/a","hair_colors":"n/a","eye_colors":"n/a","average_lifespan":"indefinite","homeworld":null,"language":"n/a","people":["https://swapi.dev/api/people/2/","https://swapi.dev/api/people/3/","https://swapi.dev/api/people/8/","https://swapi.dev/api/people/23/"],"films":["https://swapi.dev/api/films/1/","https://swapi.dev/api/films/2/","https://swapi.dev/api/films/3/","https://swapi.dev/api/films/4/","https://swapi.dev/api/films/5/","https://swapi.dev/api/films/6/"],"created":"2014-12-10T15:16:16.259000Z","edited":"2014-12-20T21:36:42.139000Z","url":"https://swapi.dev/api/species/2/"},{"name":"Wookie","classification":"mammal","designation":"sentient","average_height":"210","skin_colors":"gray","hair_colors":"black, brown","eye_colors":"blue, green, yellow, brown, golden, red","average_lifespan":"400","homeworld":"https://swapi.dev/api/planets/14/","language":"Shyriiwook","people":["https://swapi.dev/api/people/13/","https://swapi.dev/api/people/80/"],"films":["https://swapi.dev/api/films/1/","https://swapi.dev/api/films/2/","https://swapi.dev/api/films/3/","https://swapi.dev/api/films/6/"],"created":"2014-12-10T16:44:31.486000Z","edited":"2014-12-20T21:36:42.142000Z","url":"https://swapi.dev/api/species/3/"},{"name":"Rodian","classification":"sentient","designation":"reptilian","average_height":"170","skin_colors":"green, blue","hair_colors":"n/a","eye_colors":"black","average_lifespan":"unknown","homeworld":"https://swapi.dev/api/planets/23/","language":"Galatic Basic","people":["https://swapi.dev/api/people/15/"],"films":["https://swapi.dev/api/films/1/"],"created":"2014-12-10T17:05:26.471000Z","edited":"2014-12-20T21:36:42.144000Z","url":"https://swapi.dev/api/species/4/"},{"name":"Hutt","classification":"gastropod","designation":"sentient","average_height":"300","skin_colors":"green, brown, tan","hair_colors":"n/a","eye_colors":"yellow, red","average_lifespan":"1000","homeworld":"https://swapi.dev/api/planets/24/","language":"Huttese","people":["https://swapi.dev/api/people/16/"],"films":["https://swapi.dev/api/films/1/","https://swapi.dev/api/films/3/"],"created":"2014-12-10T17:12:50.410000Z","edited":"2014-12-20T21:36:42.146000Z","url":"https://swapi.dev/api/species/5/"},{"name":"Yoda's species","classification":"mammal","designation":"sentient","average_height":"66","skin_colors":"green, yellow","hair_colors":"brown, white","eye_colors":"brown, green, yellow","average_lifespan":"900","homeworld":"https://swapi.dev/api/planets/28/","language":"Galactic basic","people":["https://swapi.dev/api/people/20/"],"films":["https://swapi.dev/api/films/2/","https://swapi.dev/api/films/3/","https://swapi.dev/api/films/4/","https://swapi.dev/api/films/5/","https://swapi.dev/api/films/6/"],"created":"2014-12-15T12:27:22.877000Z","edited":"2014-12-20T21:36:42.148000Z","url":"https://swapi.dev/api/species/6/"},{"name":"Trandoshan","classification":"reptile","designation":"sentient","average_height":"200","skin_colors":"brown, green","hair_colors":"none","eye_colors":"yellow, orange","average_lifespan":"unknown","homeworld":"https://swapi.dev/api/planets/29/","language":"Dosh","people":["https://swapi.dev/api/people/24/"],"films":["https://swapi.dev/api/films/2/"],"created":"2014-12-15T13:07:47.704000Z","edited":"2014-12-20T21:36:42.151000Z","url":"https://swapi.dev/api/species/7/"},{"name":"Mon Calamari","classification":"amphibian","designation":"sentient","average_height":"160","skin_colors":"red, blue, brown, magenta","hair_colors":"none","eye_colors":"yellow","average_lifespan":"unknown","homeworld":"https://swapi.dev/api/planets/31/","language":"Mon Calamarian","people":["https://swapi.dev/api/people/27/"],"films":["https://swapi.dev/api/films/3/"],"created":"2014-12-18T11:09:52.263000Z","edited":"2014-12-20T21:36:42.153000Z","url":"https://swapi.dev/api/species/8/"},{"name":"Ewok","classification":"mammal","designation":"sentient","average_height":"100","skin_colors":"brown","hair_colors":"white, brown, black","eye_colors":"orange, brown","average_lifespan":"unknown","homeworld":"https://swapi.dev/api/planets/7/","language":"Ewokese","people":["https://swapi.dev/api/people/30/"],"films":["https://swapi.dev/api/films/3/"],"created":"2014-12-18T11:22:00.285000Z","edited":"2014-12-20T21:36:42.155000Z","url":"https://swapi.dev/api/species/9/"},{"name":"Sullustan","classification":"mammal","designation":"sentient","average_height":"180","skin_colors":"pale","hair_colors":"none","eye_colors":"black","average_lifespan":"unknown","homeworld":"https://swapi.dev/api/planets/33/","language":"Sullutese","people":["https://swapi.dev/api/people/31/"],"films":["https://swapi.dev/api/films/3/"],"created":"2014-12-18T11:26:20.103000Z","edited":"2014-12-20T21:36:42.157000Z","url":"https://swapi.dev/api/species/10/"}]}

